<?xml version="1.0" encoding="UTF-8"?>
<!-- Generated by org.testng.reporters.JUnitReportReporter -->
<testsuite hostname="C40LAP-12601" failures="0" tests="1" name="io.material.angular.TestNgAnnotationConcept" time="0.014" errors="0" timestamp="2023-01-24T14:35:28 IST" skipped="0">
  <testcase classname="io.material.angular.TestNgAnnotationConcept" name="run" time="0.014"/>
  <system-out/>
</testsuite> <!-- io.material.angular.TestNgAnnotationConcept -->
