<?xml version="1.0" encoding="UTF-8"?>
<!-- Generated by org.testng.reporters.JUnitReportReporter -->
<testsuite hostname="C40LAP-12601" failures="0" tests="1" name="com.nishant.FBLoginTest" time="3.951" errors="0" timestamp="2023-01-24T14:22:03 IST" skipped="0">
  <testcase classname="com.nishant.FBLoginTest" name="loginFacebookPage" time="3.951"/>
  <system-out/>
</testsuite> <!-- com.nishant.FBLoginTest -->
